# JRE version: Java(TM) SE Runtime Environment (8.0_60-b27) (build 1.8.0_60-b27)
# Java VM: Java HotSpot(TM) 64-Bit Server VM (25.60-b23 mixed mode bsd-amd64 compressed oops)
Heap:
 PSYoungGen      total 1181184K, used 750271K [0x000000076ab00000, 0x00000007bfc00000, 0x00000007c0000000)
  eden space 970240K, 63% used [0x000000076ab00000,0x0000000790497d98,0x00000007a5e80000)
  from space 210944K, 63% used [0x00000007b2b80000,0x00000007bae98000,0x00000007bf980000)
  to   space 209920K, 0% used [0x00000007a5e80000,0x00000007a5e80000,0x00000007b2b80000)
 ParOldGen       total 334848K, used 177426K [0x00000006c0000000, 0x00000006d4700000, 0x000000076ab00000)
  object space 334848K, 52% used [0x00000006c0000000,0x00000006cad44ba8,0x00000006d4700000)
 Metaspace       used 17540K, capacity 18151K, committed 18304K, reserved 1064960K
  class space    used 1665K, capacity 1887K, committed 1920K, reserved 1048576K
GC Heap History (10 events):
Event: 134.810 GC heap before
{Heap before GC invocations=22 (full 2):
 PSYoungGen      total 1180160K, used 1091104K [0x000000076ab00000, 0x00000007c0000000, 0x00000007c0000000)
  eden space 962560K, 100% used [0x000000076ab00000,0x00000007a5700000,0x00000007a5700000)
  from space 217600K, 59% used [0x00000007a5700000,0x00000007ad488000,0x00000007b2b80000)
  to   space 217088K, 0% used [0x00000007b2c00000,0x00000007b2c00000,0x00000007c0000000)
 ParOldGen       total 334848K, used 177002K [0x00000006c0000000, 0x00000006d4700000, 0x000000076ab00000)
  object space 334848K, 52% used [0x00000006c0000000,0x00000006cacdaaf0,0x00000006d4700000)
 Metaspace       used 16138K, capacity 16725K, committed 16768K, reserved 1064960K
  class space    used 1514K, capacity 1643K, committed 1664K, reserved 1048576K
Event: 135.234 GC heap after
Heap after GC invocations=22 (full 2):
 PSYoungGen      total 1179648K, used 131488K [0x000000076ab00000, 0x00000007bff80000, 0x00000007c0000000)
  eden space 963072K, 0% used [0x000000076ab00000,0x000000076ab00000,0x00000007a5780000)
  from space 216576K, 60% used [0x00000007b2c00000,0x00000007bac68000,0x00000007bff80000)
  to   space 217088K, 0% used [0x00000007a5780000,0x00000007a5780000,0x00000007b2b80000)
 ParOldGen       total 334848K, used 177103K [0x00000006c0000000, 0x00000006d4700000, 0x000000076ab00000)
  object space 334848K, 52% used [0x00000006c0000000,0x00000006cacf3e48,0x00000006d4700000)
 Metaspace       used 16138K, capacity 16725K, committed 16768K, reserved 1064960K
  class space    used 1514K, capacity 1643K, committed 1664K, reserved 1048576K
}
Event: 143.313 GC heap before
{Heap before GC invocations=23 (full 2):
 PSYoungGen      total 1179648K, used 1094560K [0x000000076ab00000, 0x00000007bff80000, 0x00000007c0000000)
  eden space 963072K, 100% used [0x000000076ab00000,0x00000007a5780000,0x00000007a5780000)
  from space 216576K, 60% used [0x00000007b2c00000,0x00000007bac68000,0x00000007bff80000)
  to   space 217088K, 0% used [0x00000007a5780000,0x00000007a5780000,0x00000007b2b80000)
 ParOldGen       total 334848K, used 177103K [0x00000006c0000000, 0x00000006d4700000, 0x000000076ab00000)
  object space 334848K, 52% used [0x00000006c0000000,0x00000006cacf3e48,0x00000006d4700000)
 Metaspace       used 16138K, capacity 16725K, committed 16768K, reserved 1064960K
  class space    used 1514K, capacity 1643K, committed 1664K, reserved 1048576K
Event: 143.707 GC heap after
Heap after GC invocations=23 (full 2):
 PSYoungGen      total 1092096K, used 128992K [0x000000076ab00000, 0x00000007bfd80000, 0x00000007c0000000)
  eden space 963072K, 0% used [0x000000076ab00000,0x000000076ab00000,0x00000007a5780000)
  from space 129024K, 99% used [0x00000007a5780000,0x00000007ad578000,0x00000007ad580000)
  to   space 215552K, 0% used [0x00000007b2b00000,0x00000007b2b00000,0x00000007bfd80000)
 ParOldGen       total 334848K, used 177204K [0x00000006c0000000, 0x00000006d4700000, 0x000000076ab00000)
  object space 334848K, 52% used [0x00000006c0000000,0x00000006cad0d1a0,0x00000006d4700000)
 Metaspace       used 16138K, capacity 16725K, committed 16768K, reserved 1064960K
  class space    used 1514K, capacity 1643K, committed 1664K, reserved 1048576K
}
Event: 151.843 GC heap before
{Heap before GC invocations=24 (full 2):
 PSYoungGen      total 1092096K, used 1092064K [0x000000076ab00000, 0x00000007bfd80000, 0x00000007c0000000)
  eden space 963072K, 100% used [0x000000076ab00000,0x00000007a5780000,0x00000007a5780000)
  from space 129024K, 99% used [0x00000007a5780000,0x00000007ad578000,0x00000007ad580000)
  to   space 215552K, 0% used [0x00000007b2b00000,0x00000007b2b00000,0x00000007bfd80000)
 ParOldGen       total 334848K, used 177204K [0x00000006c0000000, 0x00000006d4700000, 0x000000076ab00000)
  object space 334848K, 52% used [0x00000006c0000000,0x00000006cad0d1a0,0x00000006d4700000)
 Metaspace       used 16149K, capacity 16725K, committed 16768K, reserved 1064960K
  class space    used 1514K, capacity 1643K, committed 1664K, reserved 1048576K
Event: 152.240 GC heap after
Heap after GC invocations=24 (full 2):
 PSYoungGen      total 1182208K, used 129024K [0x000000076ab00000, 0x00000007c0000000, 0x00000007c0000000)
  eden space 966656K, 0% used [0x000000076ab00000,0x000000076ab00000,0x00000007a5b00000)
  from space 215552K, 59% used [0x00000007b2b00000,0x00000007ba900000,0x00000007bfd80000)
  to   space 212992K, 0% used [0x00000007a5b00000,0x00000007a5b00000,0x00000007b2b00000)
 ParOldGen       total 334848K, used 177284K [0x00000006c0000000, 0x00000006d4700000, 0x000000076ab00000)
  object space 334848K, 52% used [0x00000006c0000000,0x00000006cad211a0,0x00000006d4700000)
 Metaspace       used 16149K, capacity 16725K, committed 16768K, reserved 1064960K
  class space    used 1514K, capacity 1643K, committed 1664K, reserved 1048576K
}
Event: 160.218 GC heap before
{Heap before GC invocations=25 (full 2):
 PSYoungGen      total 1182208K, used 1095680K [0x000000076ab00000, 0x00000007c0000000, 0x00000007c0000000)
  eden space 966656K, 100% used [0x000000076ab00000,0x00000007a5b00000,0x00000007a5b00000)
  from space 215552K, 59% used [0x00000007b2b00000,0x00000007ba900000,0x00000007bfd80000)
  to   space 212992K, 0% used [0x00000007a5b00000,0x00000007a5b00000,0x00000007b2b00000)
 ParOldGen       total 334848K, used 177284K [0x00000006c0000000, 0x00000006d4700000, 0x000000076ab00000)
  object space 334848K, 52% used [0x00000006c0000000,0x00000006cad211a0,0x00000006d4700000)
 Metaspace       used 16150K, capacity 16725K, committed 16768K, reserved 1064960K
  class space    used 1514K, capacity 1643K, committed 1664K, reserved 1048576K
Event: 160.616 GC heap after
Heap after GC invocations=25 (full 2):
 PSYoungGen      total 1179648K, used 130880K [0x000000076ab00000, 0x00000007bf980000, 0x00000007c0000000)
  eden space 966656K, 0% used [0x000000076ab00000,0x000000076ab00000,0x00000007a5b00000)
  from space 212992K, 61% used [0x00000007a5b00000,0x00000007adad0000,0x00000007b2b00000)
  to   space 210944K, 0% used [0x00000007b2b80000,0x00000007b2b80000,0x00000007bf980000)
 ParOldGen       total 334848K, used 177377K [0x00000006c0000000, 0x00000006d4700000, 0x000000076ab00000)
  object space 334848K, 52% used [0x00000006c0000000,0x00000006cad384f8,0x00000006d4700000)
 Metaspace       used 16150K, capacity 16725K, committed 16768K, reserved 1064960K
  class space    used 1514K, capacity 1643K, committed 1664K, reserved 1048576K
}
Event: 168.762 GC heap before
{Heap before GC invocations=26 (full 2):
 PSYoungGen      total 1179648K, used 1097536K [0x000000076ab00000, 0x00000007bf980000, 0x00000007c0000000)
  eden space 966656K, 100% used [0x000000076ab00000,0x00000007a5b00000,0x00000007a5b00000)
  from space 212992K, 61% used [0x00000007a5b00000,0x00000007adad0000,0x00000007b2b00000)
  to   space 210944K, 0% used [0x00000007b2b80000,0x00000007b2b80000,0x00000007bf980000)
 ParOldGen       total 334848K, used 177377K [0x00000006c0000000, 0x00000006d4700000, 0x000000076ab00000)
  object space 334848K, 52% used [0x00000006c0000000,0x00000006cad384f8,0x00000006d4700000)
 Metaspace       used 16392K, capacity 17013K, committed 17152K, reserved 1064960K
  class space    used 1532K, capacity 1675K, committed 1792K, reserved 1048576K
Event: 169.192 GC heap after
Heap after GC invocations=26 (full 2):
 PSYoungGen      total 1181184K, used 134240K [0x000000076ab00000, 0x00000007bfc00000, 0x00000007c0000000)
  eden space 970240K, 0% used [0x000000076ab00000,0x000000076ab00000,0x00000007a5e80000)
  from space 210944K, 63% used [0x00000007b2b80000,0x00000007bae98000,0x00000007bf980000)
  to   space 209920K, 0% used [0x00000007a5e80000,0x00000007a5e80000,0x00000007b2b80000)
 ParOldGen       total 334848K, used 177426K [0x00000006c0000000, 0x00000006d4700000, 0x000000076ab00000)
  object space 334848K, 52% used [0x00000006c0000000,0x00000006cad44ba8,0x00000006d4700000)
 Metaspace       used 16392K, capacity 17013K, committed 17152K, reserved 1064960K
  class space    used 1532K, capacity 1675K, committed 1792K, reserved 1048576K
}

